<?xml version="1.0" encoding="UTF-8"?>
<!-- Generated by org.testng.reporters.JUnitXMLReporter -->
<testsuite hostname="LAPTOP-SV9TVNET" ignored="0" name="Test" tests="3" failures="3" timestamp="2021-09-28T18:01:23 IST" time="61.281" errors="0">
  <testcase name="insuranceCalculate" time="15.521" classname="insuranceCalculation_Motorcycle.EndToEndTests_motorcycle">
    <failure type="java.lang.AssertionError" message="Pricing for gold plan is not matching. expected [238.00] but found []">
      <![CDATA[java.lang.AssertionError: Pricing for gold plan is not matching. expected [238.00] but found []
at insuranceCalculation_Motorcycle.EndToEndTests_motorcycle.insuranceCalculate(EndToEndTests_motorcycle.java:31)
at java.util.ArrayList.forEach(ArrayList.java:1259)
... Removed 31 stack frames]]>
    </failure>
  </testcase> <!-- insuranceCalculate -->
  <testcase name="insuranceCalculate" time="14.197" classname="insuranceCalculation_Motorcycle.EndToEndTests_motorcycle">
    <failure type="java.lang.AssertionError" message="Pricing for gold plan is not matching. expected [238.00] but found [772.00]">
      <![CDATA[java.lang.AssertionError: Pricing for gold plan is not matching. expected [238.00] but found [772.00]
at insuranceCalculation_Motorcycle.EndToEndTests_motorcycle.insuranceCalculate(EndToEndTests_motorcycle.java:31)
at java.util.ArrayList.forEach(ArrayList.java:1259)
... Removed 31 stack frames]]>
    </failure>
  </testcase> <!-- insuranceCalculate -->
  <testcase name="insuranceCalculate" time="13.276" classname="insuranceCalculation_Motorcycle.EndToEndTests_motorcycle">
    <failure type="java.lang.AssertionError" message="Pricing for gold plan is not matching. expected [87.00] but found [274.00]">
      <![CDATA[java.lang.AssertionError: Pricing for gold plan is not matching. expected [87.00] but found [274.00]
at insuranceCalculation_Motorcycle.EndToEndTests_motorcycle.insuranceCalculate(EndToEndTests_motorcycle.java:31)
at java.util.ArrayList.forEach(ArrayList.java:1259)
... Removed 31 stack frames]]>
    </failure>
  </testcase> <!-- insuranceCalculate -->
</testsuite> <!-- Test -->
