-------------------------------------------------------------------------------
Test set: TestSuite
-------------------------------------------------------------------------------
Tests run: 3, Failures: 3, Errors: 0, Skipped: 0, Time elapsed: 61.641 s <<< FAILURE! - in TestSuite
insuranceCalculate(insuranceCalculation_Motorcycle.EndToEndTests_motorcycle)  Time elapsed: 14.985 s  <<< FAILURE!
java.lang.AssertionError: Pricing for gold plan is not matching. expected [238.00] but found []
	at insuranceCalculation_Motorcycle.EndToEndTests_motorcycle.insuranceCalculate(EndToEndTests_motorcycle.java:31)

insuranceCalculate(insuranceCalculation_Motorcycle.EndToEndTests_motorcycle)  Time elapsed: 14.071 s  <<< FAILURE!
java.lang.AssertionError: Pricing for gold plan is not matching. expected [238.00] but found [772.00]
	at insuranceCalculation_Motorcycle.EndToEndTests_motorcycle.insuranceCalculate(EndToEndTests_motorcycle.java:31)

insuranceCalculate(insuranceCalculation_Motorcycle.EndToEndTests_motorcycle)  Time elapsed: 13.805 s  <<< FAILURE!
java.lang.AssertionError: Pricing for gold plan is not matching. expected [87.00] but found [274.00]
	at insuranceCalculation_Motorcycle.EndToEndTests_motorcycle.insuranceCalculate(EndToEndTests_motorcycle.java:31)

